<?xml version="1.0" encoding="UTF-8"?>
<testng-results ignored="0" total="9" passed="9" failed="0" skipped="0">
  <reporter-output>
  </reporter-output>
  <suite started-at="2018-10-09T07:10:57Z" name="Google Search Tests" finished-at="2018-10-09T07:11:48Z" duration-ms="51237">
    <groups>
    </groups>
    <test started-at="2018-10-09T07:10:57Z" name="Tests on Safari" finished-at="2018-10-09T07:11:44Z" duration-ms="46755">
      <class name="com.github.ashwinikb.testpage.AmazonTestPage">
        <test-method is-config="true" signature="setUp(java.lang.String, java.lang.String, java.lang.String, java.lang.String)[pri:0, instance:com.github.ashwinikb.testpage.AmazonTestPage@7ec7ffd3]" started-at="2018-10-09T07:10:57Z" name="setUp" finished-at="2018-10-09T07:11:43Z" duration-ms="46456" status="PASS">
          <params>
            <param index="0">
              <value>
                <![CDATA[mac os x]]>
              </value>
            </param>
            <param index="1">
              <value>
                <![CDATA[safari]]>
              </value>
            </param>
            <param index="2">
              <value>
                <![CDATA[https://www.amazon.com/]]>
              </value>
            </param>
            <param index="3">
              <value>
                <![CDATA[http://192.168.0.12:20547]]>
              </value>
            </param>
          </params>
          <reporter-output>
          </reporter-output>
        </test-method> <!-- setUp -->
        <test-method signature="amzonSearchTextBox()[pri:0, instance:com.github.ashwinikb.testpage.AmazonTestPage@7ec7ffd3]" started-at="2018-10-09T07:11:43Z" name="amzonSearchTextBox" finished-at="2018-10-09T07:11:44Z" duration-ms="227" status="PASS">
          <reporter-output>
          </reporter-output>
        </test-method> <!-- amzonSearchTextBox -->
        <test-method signature="googleTitleTest()[pri:0, instance:com.github.ashwinikb.testpage.AmazonTestPage@7ec7ffd3]" started-at="2018-10-09T07:11:44Z" name="googleTitleTest" finished-at="2018-10-09T07:11:44Z" duration-ms="44" status="PASS">
          <reporter-output>
          </reporter-output>
        </test-method> <!-- googleTitleTest -->
        <test-method signature="googleUrlTest()[pri:0, instance:com.github.ashwinikb.testpage.AmazonTestPage@7ec7ffd3]" started-at="2018-10-09T07:11:44Z" name="googleUrlTest" finished-at="2018-10-09T07:11:44Z" duration-ms="9" status="PASS">
          <reporter-output>
          </reporter-output>
        </test-method> <!-- googleUrlTest -->
        <test-method is-config="true" signature="closeBrowser()[pri:0, instance:com.github.ashwinikb.testpage.AmazonTestPage@7ec7ffd3]" started-at="2018-10-09T07:11:44Z" name="closeBrowser" finished-at="2018-10-09T07:11:44Z" duration-ms="2" status="PASS">
          <reporter-output>
          </reporter-output>
        </test-method> <!-- closeBrowser -->
      </class> <!-- com.github.ashwinikb.testpage.AmazonTestPage -->
    </test> <!-- Tests on Safari -->
    <test started-at="2018-10-09T07:10:57Z" name="Tests on Chrome" finished-at="2018-10-09T07:11:45Z" duration-ms="47501">
      <class name="com.github.ashwinikb.testpage.AmazonTestPage">
        <test-method is-config="true" signature="setUp(java.lang.String, java.lang.String, java.lang.String, java.lang.String)[pri:0, instance:com.github.ashwinikb.testpage.AmazonTestPage@52e6fdee]" started-at="2018-10-09T07:10:57Z" name="setUp" finished-at="2018-10-09T07:11:32Z" duration-ms="34753" status="PASS">
          <params>
            <param index="0">
              <value>
                <![CDATA[mac os x]]>
              </value>
            </param>
            <param index="1">
              <value>
                <![CDATA[chrome]]>
              </value>
            </param>
            <param index="2">
              <value>
                <![CDATA[https://www.amazon.com/]]>
              </value>
            </param>
            <param index="3">
              <value>
                <![CDATA[http://192.168.0.12:20547]]>
              </value>
            </param>
          </params>
          <reporter-output>
          </reporter-output>
        </test-method> <!-- setUp -->
        <test-method signature="amzonSearchTextBox()[pri:0, instance:com.github.ashwinikb.testpage.AmazonTestPage@52e6fdee]" started-at="2018-10-09T07:11:32Z" name="amzonSearchTextBox" finished-at="2018-10-09T07:11:44Z" duration-ms="12705" status="PASS">
          <reporter-output>
          </reporter-output>
        </test-method> <!-- amzonSearchTextBox -->
        <test-method signature="googleTitleTest()[pri:0, instance:com.github.ashwinikb.testpage.AmazonTestPage@52e6fdee]" started-at="2018-10-09T07:11:44Z" name="googleTitleTest" finished-at="2018-10-09T07:11:44Z" duration-ms="7" status="PASS">
          <reporter-output>
          </reporter-output>
        </test-method> <!-- googleTitleTest -->
        <test-method signature="googleUrlTest()[pri:0, instance:com.github.ashwinikb.testpage.AmazonTestPage@52e6fdee]" started-at="2018-10-09T07:11:44Z" name="googleUrlTest" finished-at="2018-10-09T07:11:45Z" duration-ms="16" status="PASS">
          <reporter-output>
          </reporter-output>
        </test-method> <!-- googleUrlTest -->
        <test-method is-config="true" signature="closeBrowser()[pri:0, instance:com.github.ashwinikb.testpage.AmazonTestPage@52e6fdee]" started-at="2018-10-09T07:11:45Z" name="closeBrowser" finished-at="2018-10-09T07:11:45Z" duration-ms="0" status="PASS">
          <reporter-output>
          </reporter-output>
        </test-method> <!-- closeBrowser -->
      </class> <!-- com.github.ashwinikb.testpage.AmazonTestPage -->
    </test> <!-- Tests on Chrome -->
    <test started-at="2018-10-09T07:10:57Z" name="Tests on Firefox" finished-at="2018-10-09T07:11:48Z" duration-ms="51237">
      <class name="com.github.ashwinikb.testpage.AmazonTestPage">
        <test-method is-config="true" signature="setUp(java.lang.String, java.lang.String, java.lang.String, java.lang.String)[pri:0, instance:com.github.ashwinikb.testpage.AmazonTestPage@67d48005]" started-at="2018-10-09T07:10:57Z" name="setUp" finished-at="2018-10-09T07:11:38Z" duration-ms="40484" status="PASS">
          <params>
            <param index="0">
              <value>
                <![CDATA[mac os x]]>
              </value>
            </param>
            <param index="1">
              <value>
                <![CDATA[firefox]]>
              </value>
            </param>
            <param index="2">
              <value>
                <![CDATA[https://www.amazon.com/]]>
              </value>
            </param>
            <param index="3">
              <value>
                <![CDATA[http://192.168.0.12:20547]]>
              </value>
            </param>
          </params>
          <reporter-output>
          </reporter-output>
        </test-method> <!-- setUp -->
        <test-method signature="amzonSearchTextBox()[pri:0, instance:com.github.ashwinikb.testpage.AmazonTestPage@67d48005]" started-at="2018-10-09T07:11:38Z" name="amzonSearchTextBox" finished-at="2018-10-09T07:11:48Z" duration-ms="10712" status="PASS">
          <reporter-output>
          </reporter-output>
        </test-method> <!-- amzonSearchTextBox -->
        <test-method signature="googleTitleTest()[pri:0, instance:com.github.ashwinikb.testpage.AmazonTestPage@67d48005]" started-at="2018-10-09T07:11:48Z" name="googleTitleTest" finished-at="2018-10-09T07:11:48Z" duration-ms="9" status="PASS">
          <reporter-output>
          </reporter-output>
        </test-method> <!-- googleTitleTest -->
        <test-method signature="googleUrlTest()[pri:0, instance:com.github.ashwinikb.testpage.AmazonTestPage@67d48005]" started-at="2018-10-09T07:11:48Z" name="googleUrlTest" finished-at="2018-10-09T07:11:48Z" duration-ms="17" status="PASS">
          <reporter-output>
          </reporter-output>
        </test-method> <!-- googleUrlTest -->
        <test-method is-config="true" signature="closeBrowser()[pri:0, instance:com.github.ashwinikb.testpage.AmazonTestPage@67d48005]" started-at="2018-10-09T07:11:48Z" name="closeBrowser" finished-at="2018-10-09T07:11:48Z" duration-ms="1" status="PASS">
          <reporter-output>
          </reporter-output>
        </test-method> <!-- closeBrowser -->
      </class> <!-- com.github.ashwinikb.testpage.AmazonTestPage -->
    </test> <!-- Tests on Firefox -->
  </suite> <!-- Google Search Tests -->
</testng-results>
